12:34:46.158 [ApplicationImpl pooled thread 77] INFO  c.b.l.BrowserStackRunExtension - maven
12:34:46.159 [ApplicationImpl pooled thread 77] INFO  com.browserstack.utils.Helpers - null
17:34:43.372 [ApplicationImpl pooled thread 208] INFO  c.b.l.BrowserStackRunExtension - application
17:34:43.372 [ApplicationImpl pooled thread 208] INFO  com.browserstack.utils.Helpers - null
17:36:42.094 [ApplicationImpl pooled thread 194] INFO  c.b.l.BrowserStackRunExtension - application
17:36:42.094 [ApplicationImpl pooled thread 194] INFO  com.browserstack.utils.Helpers - null
17:38:15.115 [ApplicationImpl pooled thread 204] INFO  c.b.l.BrowserStackRunExtension - application
17:38:15.115 [ApplicationImpl pooled thread 204] INFO  com.browserstack.utils.Helpers - null
17:39:56.211 [ApplicationImpl pooled thread 194] INFO  c.b.l.BrowserStackRunExtension - application
17:39:56.211 [ApplicationImpl pooled thread 194] INFO  com.browserstack.utils.Helpers - null
13:30:11.422 [ApplicationImpl pooled thread 495] INFO  c.b.l.BrowserStackRunExtension - application
13:30:11.453 [ApplicationImpl pooled thread 495] INFO  com.browserstack.utils.Helpers - null
13:41:37.219 [ApplicationImpl pooled thread 497] INFO  c.b.l.BrowserStackRunExtension - application
13:41:37.219 [ApplicationImpl pooled thread 497] INFO  com.browserstack.utils.Helpers - null
14:08:30.795 [ApplicationImpl pooled thread 513] INFO  c.b.l.BrowserStackRunExtension - application
14:08:30.795 [ApplicationImpl pooled thread 513] INFO  com.browserstack.utils.Helpers - null
14:32:14.942 [ApplicationImpl pooled thread 522] INFO  c.b.l.BrowserStackRunExtension - application
14:32:14.942 [ApplicationImpl pooled thread 522] INFO  com.browserstack.utils.Helpers - null
14:33:01.530 [ApplicationImpl pooled thread 527] INFO  c.b.l.BrowserStackRunExtension - application
14:33:01.530 [ApplicationImpl pooled thread 527] INFO  com.browserstack.utils.Helpers - null
14:34:23.026 [ApplicationImpl pooled thread 522] INFO  c.b.l.BrowserStackRunExtension - application
14:34:23.027 [ApplicationImpl pooled thread 522] INFO  com.browserstack.utils.Helpers - null
14:38:25.025 [ApplicationImpl pooled thread 528] INFO  c.b.l.BrowserStackRunExtension - application
14:38:25.026 [ApplicationImpl pooled thread 528] INFO  com.browserstack.utils.Helpers - null
14:46:13.887 [ApplicationImpl pooled thread 528] INFO  c.b.l.BrowserStackRunExtension - application
14:46:13.887 [ApplicationImpl pooled thread 528] INFO  com.browserstack.utils.Helpers - null
15:26:52.346 [ApplicationImpl pooled thread 547] INFO  c.b.l.BrowserStackRunExtension - application
15:26:52.346 [ApplicationImpl pooled thread 547] INFO  com.browserstack.utils.Helpers - null
15:51:51.157 [ApplicationImpl pooled thread 560] INFO  c.b.l.BrowserStackRunExtension - application
15:51:51.158 [ApplicationImpl pooled thread 560] INFO  com.browserstack.utils.Helpers - null
15:53:26.113 [ApplicationImpl pooled thread 560] INFO  c.b.l.BrowserStackRunExtension - application
15:53:26.113 [ApplicationImpl pooled thread 560] INFO  com.browserstack.utils.Helpers - null
16:08:35.815 [ApplicationImpl pooled thread 570] INFO  c.b.l.BrowserStackRunExtension - application
16:08:35.815 [ApplicationImpl pooled thread 570] INFO  com.browserstack.utils.Helpers - null
16:09:40.071 [ApplicationImpl pooled thread 572] INFO  c.b.l.BrowserStackRunExtension - application
16:09:40.071 [ApplicationImpl pooled thread 572] INFO  com.browserstack.utils.Helpers - null
16:22:52.447 [ApplicationImpl pooled thread 570] INFO  c.b.l.BrowserStackRunExtension - application
16:22:52.447 [ApplicationImpl pooled thread 570] INFO  com.browserstack.utils.Helpers - null
17:04:23.646 [ApplicationImpl pooled thread 599] INFO  c.b.l.BrowserStackRunExtension - application
17:04:23.646 [ApplicationImpl pooled thread 599] INFO  com.browserstack.utils.Helpers - null
17:10:49.124 [ApplicationImpl pooled thread 605] INFO  c.b.l.BrowserStackRunExtension - application
17:10:49.124 [ApplicationImpl pooled thread 605] INFO  com.browserstack.utils.Helpers - null
14:47:57.668 [ApplicationImpl pooled thread 241] INFO  c.b.l.BrowserStackRunExtension - application
14:47:57.668 [ApplicationImpl pooled thread 241] INFO  com.browserstack.utils.Helpers - null
14:52:31.299 [ApplicationImpl pooled thread 245] INFO  c.b.l.BrowserStackRunExtension - application
14:52:31.299 [ApplicationImpl pooled thread 245] INFO  com.browserstack.utils.Helpers - null
14:52:56.523 [ApplicationImpl pooled thread 237] INFO  c.b.l.BrowserStackRunExtension - application
14:52:56.523 [ApplicationImpl pooled thread 237] INFO  com.browserstack.utils.Helpers - null
16:09:45.558 [ApplicationImpl pooled thread 290] INFO  c.b.l.BrowserStackRunExtension - application
16:09:45.558 [ApplicationImpl pooled thread 290] INFO  com.browserstack.utils.Helpers - null
16:10:16.387 [ApplicationImpl pooled thread 289] INFO  c.b.l.BrowserStackRunExtension - application
16:10:16.387 [ApplicationImpl pooled thread 289] INFO  com.browserstack.utils.Helpers - null
16:10:56.725 [ApplicationImpl pooled thread 289] INFO  c.b.l.BrowserStackRunExtension - application
16:10:56.725 [ApplicationImpl pooled thread 289] INFO  com.browserstack.utils.Helpers - null
16:12:48.685 [ApplicationImpl pooled thread 291] INFO  c.b.l.BrowserStackRunExtension - application
16:12:48.685 [ApplicationImpl pooled thread 291] INFO  com.browserstack.utils.Helpers - null
17:24:11.990 [ApplicationImpl pooled thread 323] INFO  c.b.l.BrowserStackRunExtension - application
17:24:11.990 [ApplicationImpl pooled thread 323] INFO  com.browserstack.utils.Helpers - null
17:25:25.567 [ApplicationImpl pooled thread 323] INFO  c.b.l.BrowserStackRunExtension - application
17:25:25.567 [ApplicationImpl pooled thread 323] INFO  com.browserstack.utils.Helpers - null
17:26:29.889 [ApplicationImpl pooled thread 337] INFO  c.b.l.BrowserStackRunExtension - application
17:26:29.889 [ApplicationImpl pooled thread 337] INFO  com.browserstack.utils.Helpers - null
17:27:01.015 [ApplicationImpl pooled thread 337] INFO  c.b.l.BrowserStackRunExtension - application
17:27:01.015 [ApplicationImpl pooled thread 337] INFO  com.browserstack.utils.Helpers - null
10:59:09.935 [ApplicationImpl pooled thread 22] INFO  c.b.l.BrowserStackRunExtension - application
10:59:09.935 [ApplicationImpl pooled thread 22] INFO  com.browserstack.utils.Helpers - null
11:02:07.304 [ApplicationImpl pooled thread 20] INFO  c.b.l.BrowserStackRunExtension - application
11:02:07.304 [ApplicationImpl pooled thread 20] INFO  com.browserstack.utils.Helpers - null
15:14:42.645 [ApplicationImpl pooled thread 108] INFO  c.b.l.BrowserStackRunExtension - application
15:14:42.645 [ApplicationImpl pooled thread 108] INFO  com.browserstack.utils.Helpers - null
11:46:31.755 [ApplicationImpl pooled thread 16] INFO  c.b.l.BrowserStackRunExtension - application
11:46:31.755 [ApplicationImpl pooled thread 16] INFO  com.browserstack.utils.Helpers - null
12:03:26.103 [ApplicationImpl pooled thread 17] INFO  c.b.l.BrowserStackRunExtension - application
12:03:26.103 [ApplicationImpl pooled thread 17] INFO  com.browserstack.utils.Helpers - null
12:17:09.113 [ApplicationImpl pooled thread 9] INFO  c.b.l.BrowserStackRunExtension - application
12:17:09.113 [ApplicationImpl pooled thread 9] INFO  com.browserstack.utils.Helpers - null
12:26:14.220 [ApplicationImpl pooled thread 16] INFO  c.b.l.BrowserStackRunExtension - application
12:26:14.220 [ApplicationImpl pooled thread 16] INFO  com.browserstack.utils.Helpers - null
14:56:32.711 [ApplicationImpl pooled thread 45] INFO  c.b.l.BrowserStackRunExtension - application
14:56:32.711 [ApplicationImpl pooled thread 45] INFO  com.browserstack.utils.Helpers - null
14:57:27.187 [ApplicationImpl pooled thread 51] INFO  c.b.l.BrowserStackRunExtension - application
14:57:27.187 [ApplicationImpl pooled thread 51] INFO  com.browserstack.utils.Helpers - null
15:35:47.882 [ApplicationImpl pooled thread 49] INFO  c.b.l.BrowserStackRunExtension - application
15:35:47.922 [ApplicationImpl pooled thread 49] INFO  com.browserstack.utils.Helpers - null
15:38:06.362 [ApplicationImpl pooled thread 55] INFO  c.b.l.BrowserStackRunExtension - application
15:38:06.362 [ApplicationImpl pooled thread 55] INFO  com.browserstack.utils.Helpers - null
15:52:57.069 [ApplicationImpl pooled thread 59] INFO  c.b.l.BrowserStackRunExtension - application
15:52:57.069 [ApplicationImpl pooled thread 59] INFO  com.browserstack.utils.Helpers - null
16:24:24.591 [ApplicationImpl pooled thread 60] INFO  c.b.l.BrowserStackRunExtension - application
16:24:24.591 [ApplicationImpl pooled thread 60] INFO  com.browserstack.utils.Helpers - null
16:26:48.264 [ApplicationImpl pooled thread 73] INFO  c.b.l.BrowserStackRunExtension - application
16:26:48.264 [ApplicationImpl pooled thread 73] INFO  com.browserstack.utils.Helpers - null
16:48:46.472 [ApplicationImpl pooled thread 469] INFO  c.b.l.BrowserStackRunExtension - application
16:48:46.472 [ApplicationImpl pooled thread 469] INFO  com.browserstack.utils.Helpers - null
12:53:19.757 [AWT-EventQueue-0] INFO  c.b.actions.EnableBrowserStack - Setting enable browserstack run update
12:53:19.773 [AWT-EventQueue-0] INFO  c.b.actions.DisableBrowserStack - Setting disable browserstack run update
13:55:32.113 [ApplicationImpl pooled thread 21] INFO  c.b.l.BrowserStackRunExtension - application
13:55:32.145 [ApplicationImpl pooled thread 21] INFO  com.browserstack.utils.Helpers - null
14:23:26.046 [ApplicationImpl pooled thread 26] INFO  c.b.l.BrowserStackRunExtension - application
14:23:26.046 [ApplicationImpl pooled thread 26] INFO  com.browserstack.utils.Helpers - null
14:23:55.061 [ApplicationImpl pooled thread 29] INFO  c.b.l.BrowserStackRunExtension - application
14:23:55.061 [ApplicationImpl pooled thread 29] INFO  com.browserstack.utils.Helpers - null
15:41:23.586 [ApplicationImpl pooled thread 42] INFO  c.b.l.BrowserStackRunExtension - application
15:41:23.586 [ApplicationImpl pooled thread 42] INFO  com.browserstack.utils.Helpers - null
15:42:16.315 [ApplicationImpl pooled thread 36] INFO  c.b.l.BrowserStackRunExtension - application
15:42:16.315 [ApplicationImpl pooled thread 36] INFO  com.browserstack.utils.Helpers - null
